<?xml version="1.0" encoding="UTF-8"?>
<testsuite xmlns:xsi="http://www.w3.org/2001/XMLSchema-instance" xsi:noNamespaceSchemaLocation="https://maven.apache.org/surefire/maven-failsafe-plugin/xsd/failsafe-test-report-3.0.xsd" version="3.0" name="starter.chrome.WhenRegisterAndLoggingIn" time="10.589" tests="2" errors="0" skipped="0" failures="0">
  <properties>
[...]
</properties>
  <testcase name="userShouldRegisterAndSeeContenidoPage" classname="starter.chrome.WhenRegisterAndLoggingIn" time="3.75">
    <system-out><![CDATA[21:37:46.995 [main] INFO  - 

-------------------------------------------------------------------------------------
     _______. _______ .______       _______ .__   __.  __  .___________.____    ____ 
    /       ||   ____||   _  \     |   ____||  \ |  | |  | |           |\   \  /   / 
   |   (----`|  |__   |  |_)  |    |  |__   |   \|  | |  | `---|  |----` \   \/   /  
    \   \    |   __|  |      /     |   __|  |  . `  | |  |     |  |       \_    _/   
.----)   |   |  |____ |  |\  \----.|  |____ |  |\   | |  |     |  |         |  |     
|_______/    |_______|| _| `._____||_______||__| \__| |__|     |__|         |__|    
                                                                                     
 News and tutorials at https://serenity-bdd.info                                     
 Documentation at https://serenity-bdd.github.io                                     
 Test Automation Training and Coaching: https://www.serenity-dojo.com                
 Commercial Support: https://www.serenity-dojo.com/serenity-bdd-enterprise-support   
 Join the Serenity Community on Gitter: https://gitter.im/serenity-bdd/serenity-core 
-------------------------------------------------------------------------------------

21:37:47.001 [main] DEBUG net.thucydides.core.steps.StepEventBus - Test suite started for WhenRegisterAndLoggingIn in class starter.chrome.WhenRegisterAndLoggingIn
21:37:47.012 [main] INFO  - Test Suite Started: WhenRegisterAndLoggingIn
21:37:47.364 [main] DEBUG net.thucydides.core.steps.StepEventBus - Test suite started for WhenRegisterAndLoggingIn in class starter.chrome.WhenRegisterAndLoggingIn
21:37:47.365 [main] INFO  - Test Suite Started: WhenRegisterAndLoggingIn
21:37:47.365 [main] DEBUG net.serenitybdd.junit5.SerenityTestExecutionListener - Thread[main,5,main] Test started TestIdentifier [uniqueId = [engine:junit-jupiter]/[class:starter.chrome.WhenRegisterAndLoggingIn]/[method:userShouldRegisterAndSeeContenidoPage()], parentId = [engine:junit-jupiter]/[class:starter.chrome.WhenRegisterAndLoggingIn], displayName = 'userShouldRegisterAndSeeContenidoPage()', legacyReportingName = 'userShouldRegisterAndSeeContenidoPage()', source = MethodSource [className = 'starter.chrome.WhenRegisterAndLoggingIn', methodName = 'userShouldRegisterAndSeeContenidoPage', methodParameterTypes = ''], tags = [], type = TEST]
21:37:47.369 [main] INFO  - 
  _____   ___   ___   _____     ___   _____     _     ___   _____   ___   ___  
 |_   _| | __| / __| |_   _|   / __| |_   _|   /_\   | _ \ |_   _| | __| |   \ 
   | |   | _|  \__ \   | |     \__ \   | |    / _ \  |   /   | |   | _|  | |) |
   |_|   |___| |___/   |_|     |___/   |_|   /_/ \_\ |_|_\   |_|   |___| |___/ 

userShouldRegisterAndSeeContenidoPage()([engine:junit-jupiter]/[class:starter.chrome.WhenRegisterAndLoggingIn]/[method:userShouldRegisterAndSeeContenidoPage()])
--------------------------------------------------------------------------------
21:37:47.509 [main] INFO net.serenitybdd.core.webdriver.driverproviders.ChromeDriverProvider - Starting Chrome driver instance with capabilities:
21:37:47.510 [main] INFO net.serenitybdd.core.webdriver.driverproviders.ChromeDriverProvider - Capabilities {acceptInsecureCerts: true, browserName: chrome, goog:chromeOptions: {args: [test-type, no-sandbox, ignore-certificate-errors, --window-size=1280,900, incognito, disable-infobars, disable-gpu, disable-default-apps, disable-popup-blocking, test-type, no-sandbox, ignore-certificate-errors, --window-size=1280,900, incognito, disable-infobars, disable-gpu, disable-default-apps, disable-popup-blocking, remote-allow-origins=*], extensions: []}}
21:37:50.703 [main] INFO  - |-- El usuario debería ver contenido.php
21:37:50.716 [main] DEBUG net.serenitybdd.core.photography.Darkroom - Opening darkroom
21:37:50.717 [Darkroom Processing Line] DEBUG net.serenitybdd.core.photography.DarkroomProcessingLine - Darkroom processing line starting up
21:37:50.978 [main] DEBUG net.serenitybdd.core.photography.Darkroom - Send negative for processing for C:\xampp\htdocs\repositorioFormTesting\target\site\serenity\54b6e9d166e2adb2580e68f2c93a07fa297bc6cab95e3320d97caffd0468c34a.png
21:37:50.978 [Darkroom Processing Line] DEBUG net.serenitybdd.core.photography.DarkroomProcessingLine - Processing screenshot image in /var/screenshots/screenshot-14474457334945283581
21:37:50.979 [Darkroom Processing Line] DEBUG net.serenitybdd.core.photography.DarkroomProcessingLine - Saving screenshot to C:\xampp\htdocs\repositorioFormTesting\target\site\serenity\54b6e9d166e2adb2580e68f2c93a07fa297bc6cab95e3320d97caffd0468c34a.png
🌐 URL actual: http://localhost/repositorioFormTesting/src/webapp/secure/contenido.php
21:37:51.116 [main] DEBUG net.serenitybdd.core.photography.Darkroom - Send negative for processing for C:\xampp\htdocs\repositorioFormTesting\target\site\serenity\54b6e9d166e2adb2580e68f2c93a07fa297bc6cab95e3320d97caffd0468c34a.png
]]></system-out>
    <system-err><![CDATA[Nov 06, 2025 9:37:48 PM org.openqa.selenium.devtools.CdpVersionFinder findNearestMatch
WARNING: Unable to find CDP implementation matching 141
Nov 06, 2025 9:37:48 PM org.openqa.selenium.chromium.ChromiumDriver lambda$new$5
WARNING: Unable to find version of CDP to use for 141.0.7390.125. You may need to include a dependency on a specific version of the CDP using something similar to `org.seleniumhq.selenium:selenium-devtools-v86:4.20.0` where the version ("v86") matches the version of the chromium-based browser you're using and the version number of the artifact is the same as Selenium's.
]]></system-err>
  </testcase>
  <testcase name="sqlInjectionBehaviorDependsOnEnvironment" classname="starter.chrome.WhenRegisterAndLoggingIn" time="6.262">
    <system-out><![CDATA[21:37:51.134 [main] INFO  - 
  _____   ___   ___   _____     ___     _     ___   ___   ___   ___  
 |_   _| | __| / __| |_   _|   | _ \   /_\   / __| / __| | __| |   \ 
   | |   | _|  \__ \   | |     |  _/  / _ \  \__ \ \__ \ | _|  | |) |
   |_|   |___| |___/   |_|     |_|   /_/ \_\ |___/ |___/ |___| |___/ 

User should register and see contenido page
----------------------------------------------------------------------
21:37:51.287 [main] DEBUG net.thucydides.core.steps.StepEventBus - Test suite started for WhenRegisterAndLoggingIn in class starter.chrome.WhenRegisterAndLoggingIn
21:37:51.287 [main] INFO  - Test Suite Started: WhenRegisterAndLoggingIn
21:37:51.287 [main] DEBUG net.serenitybdd.junit5.SerenityTestExecutionListener - Thread[main,5,main] Test started TestIdentifier [uniqueId = [engine:junit-jupiter]/[class:starter.chrome.WhenRegisterAndLoggingIn]/[method:sqlInjectionBehaviorDependsOnEnvironment()], parentId = [engine:junit-jupiter]/[class:starter.chrome.WhenRegisterAndLoggingIn], displayName = 'sqlInjectionBehaviorDependsOnEnvironment()', legacyReportingName = 'sqlInjectionBehaviorDependsOnEnvironment()', source = MethodSource [className = 'starter.chrome.WhenRegisterAndLoggingIn', methodName = 'sqlInjectionBehaviorDependsOnEnvironment', methodParameterTypes = ''], tags = [], type = TEST]
21:37:51.289 [main] INFO  - 
  _____   ___   ___   _____     ___   _____     _     ___   _____   ___   ___  
 |_   _| | __| / __| |_   _|   / __| |_   _|   /_\   | _ \ |_   _| | __| |   \ 
   | |   | _|  \__ \   | |     \__ \   | |    / _ \  |   /   | |   | _|  | |) |
   |_|   |___| |___/   |_|     |___/   |_|   /_/ \_\ |_|_\   |_|   |___| |___/ 

sqlInjectionBehaviorDependsOnEnvironment()([engine:junit-jupiter]/[class:starter.chrome.WhenRegisterAndLoggingIn]/[method:sqlInjectionBehaviorDependsOnEnvironment()])
--------------------------------------------------------------------------------
21:37:51.347 [main] INFO net.serenitybdd.core.webdriver.driverproviders.ChromeDriverProvider - Starting Chrome driver instance with capabilities:
21:37:51.348 [main] INFO net.serenitybdd.core.webdriver.driverproviders.ChromeDriverProvider - Capabilities {acceptInsecureCerts: true, browserName: chrome, goog:chromeOptions: {args: [test-type, no-sandbox, ignore-certificate-errors, --window-size=1280,900, incognito, disable-infobars, disable-gpu, disable-default-apps, disable-popup-blocking, test-type, no-sandbox, ignore-certificate-errors, --window-size=1280,900, incognito, disable-infobars, disable-gpu, disable-default-apps, disable-popup-blocking, remote-allow-origins=*], extensions: []}}
🌐 URL actual: http://localhost/repositorioFormTesting/src/webapp/secure/login.php
🌐 URL actual: http://localhost/repositorioFormTesting/src/webapp/secure/login.php
🌐 URL actual: http://localhost/repositorioFormTesting/src/webapp/secure/login.php
🌐 URL actual: http://localhost/repositorioFormTesting/src/webapp/secure/login.php
🌐 URL actual: http://localhost/repositorioFormTesting/src/webapp/secure/login.php
🌐 URL actual: http://localhost/repositorioFormTesting/src/webapp/secure/login.php
🌐 URL actual: http://localhost/repositorioFormTesting/src/webapp/secure/login.php
🌐 URL actual: http://localhost/repositorioFormTesting/src/webapp/secure/login.php
🌐 URL actual: http://localhost/repositorioFormTesting/src/webapp/secure/login.php
🌐 URL actual: http://localhost/repositorioFormTesting/src/webapp/secure/login.php
🌐 URL actual: http://localhost/repositorioFormTesting/src/webapp/secure/login.php
🌐 URL actual: http://localhost/repositorioFormTesting/src/webapp/secure/login.php
🌐 URL actual: http://localhost/repositorioFormTesting/src/webapp/secure/login.php
21:37:57.474 [main] INFO  - |-- En entorno seguro, la inyección NO debería permitir acceso
21:37:57.476 [main] DEBUG net.serenitybdd.core.photography.Darkroom - Opening darkroom
21:37:57.476 [Darkroom Processing Line] DEBUG net.serenitybdd.core.photography.DarkroomProcessingLine - Darkroom processing line starting up
21:37:57.547 [main] DEBUG net.serenitybdd.core.photography.Darkroom - Send negative for processing for C:\xampp\htdocs\repositorioFormTesting\target\site\serenity\8fa946d3bad0d2b006bb6ebb5cd7c8e8b8e724642e67ec98a7327614413bb456.png
21:37:57.547 [Darkroom Processing Line] DEBUG net.serenitybdd.core.photography.DarkroomProcessingLine - Processing screenshot image in /var/screenshots/screenshot-590618409034911569
21:37:57.547 [Darkroom Processing Line] DEBUG net.serenitybdd.core.photography.DarkroomProcessingLine - Saving screenshot to C:\xampp\htdocs\repositorioFormTesting\target\site\serenity\8fa946d3bad0d2b006bb6ebb5cd7c8e8b8e724642e67ec98a7327614413bb456.png
]]></system-out>
    <system-err><![CDATA[Nov 06, 2025 9:37:52 PM org.openqa.selenium.devtools.CdpVersionFinder findNearestMatch
WARNING: Unable to find CDP implementation matching 141
Nov 06, 2025 9:37:52 PM org.openqa.selenium.chromium.ChromiumDriver lambda$new$5
WARNING: Unable to find version of CDP to use for 141.0.7390.125. You may need to include a dependency on a specific version of the CDP using something similar to `org.seleniumhq.selenium:selenium-devtools-v86:4.20.0` where the version ("v86") matches the version of the chromium-based browser you're using and the version number of the artifact is the same as Selenium's.
]]></system-err>
  </testcase>
</testsuite>